<?xml version="1.0" encoding="UTF-8"?>
<!-- Generated by org.testng.reporters.JUnitXMLReporter -->
<testsuite hostname="nams" ignored="0" name="Test" tests="6" failures="0" timestamp="14 Mar 2018 00:06:45 GMT" time="0.235" errors="0">
  <testcase name="addVendor" time="0.021" classname="testngpractice.AddClass"/>
  <testcase name="addProduct" time="0.017" classname="testngpractice.AddClass"/>
  <testcase name="addCurrency" time="0.01" classname="testngpractice.AddClass"/>
  <testcase name="deleteVendor" time="0.005" classname="testngpractice.DeleteClass"/>
  <testcase name="deleteProduct" time="0.011" classname="testngpractice.DeleteClass"/>
  <testcase name="deleteCurrency" time="0.008" classname="testngpractice.DeleteClass"/>
</testsuite> <!-- Test -->
