<?xml version="1.0" encoding="UTF-8"?>
<!-- Generated by org.testng.reporters.JUnitXMLReporter -->
<testsuite hostname="nams" ignored="2" name="User" tests="4" failures="0" timestamp="23 Mar 2018 10:36:43 GMT" time="0.184" errors="0">
  <testcase name="login" time="0.037" classname="testngecommer.NewTest"/>
  <testcase name="search" time="0.005" classname="testngecommer.NewTest"/>
  <testcase name="prepaidRecharge" time="0.005" classname="testngecommer.NewTest"/>
  <testcase name="logout" time="0.009" classname="testngecommer.NewTest"/>
  <testcase name="advancedSearch" time="0.0" classname="testngecommer.NewTest">
    <ignored/>
  </testcase> <!-- advancedSearch -->
  <testcase name="billPayment" time="0.0" classname="testngecommer.NewTest">
    <ignored/>
  </testcase> <!-- billPayment -->
</testsuite> <!-- User -->
